<?xml version="1.0" encoding="UTF-8"?>
<!-- Generated by org.testng.reporters.JUnitXMLReporter -->
<testsuite ignored="0" hostname="MSI" failures="0" tests="5" name="Test" time="39.27" errors="0" timestamp="2022-11-11T06:55:14 IST">
  <testcase classname="tests.TwoTest" name="testTwo" time="7.165"/>
  <testcase classname="tests.ThreeTest" name="testThree" time="6.323"/>
  <testcase classname="tests.LoginTest" name="login" time="1.312"/>
  <testcase classname="tests.LoginTest" name="login" time="11.014"/>
  <testcase classname="io.cucumber.testng.AbstractTestNGCucumberTests" name="runScenario" time="6.129"/>
</testsuite> <!-- Test -->
