<?xml version="1.0" encoding="UTF-8"?>
<!-- Generated by org.testng.reporters.JUnitXMLReporter -->
<testsuite ignored="0" hostname="MSI" failures="0" tests="5" name="Test" time="41.155" errors="0" timestamp="2022-11-11T06:57:42 IST">
  <testcase classname="tests.TwoTest" name="testTwo" time="7.267"/>
  <testcase classname="tests.ThreeTest" name="testThree" time="6.303"/>
  <testcase classname="tests.LoginTest" name="login" time="0.809"/>
  <testcase classname="tests.LoginTest" name="login" time="11.251"/>
  <testcase classname="io.cucumber.testng.AbstractTestNGCucumberTests" name="runScenario" time="4.173"/>
</testsuite> <!-- Test -->
