<?xml version="1.0" encoding="UTF-8"?>
<testng-results ignored="0" total="5" passed="5" failed="0" skipped="0">
  <reporter-output>
  </reporter-output>
  <suite started-at="2022-11-11T06:54:34 IST" name="Suite" finished-at="2022-11-11T06:55:14 IST" duration-ms="39270">
    <groups>
      <group name="cucumber">
        <method signature="AbstractTestNGCucumberTests.runScenario(io.cucumber.testng.PickleWrapper,io.cucumber.testng.FeatureWrapper)[pri:0, instance:runner.TestNGRunner@97e93f1]" name="runScenario" class="io.cucumber.testng.AbstractTestNGCucumberTests"/>
      </group> <!-- cucumber -->
    </groups>
    <test started-at="2022-11-11T06:54:34 IST" name="Test" finished-at="2022-11-11T06:55:14 IST" duration-ms="39270">
      <class name="tests.LoginTest">
        <test-method is-config="true" signature="openApplication()[pri:0, instance:tests.LoginTest@5965d37]" started-at="2022-11-11T06:54:48 IST" name="openApplication" finished-at="2022-11-11T06:54:51 IST" duration-ms="3410" status="PASS">
          <reporter-output>
          </reporter-output>
        </test-method> <!-- openApplication -->
        <test-method signature="login(java.lang.String,java.lang.String,java.lang.String)[pri:0, instance:tests.LoginTest@5965d37]" started-at="2022-11-11T06:54:51 IST" name="login" data-provider="getLoginData" finished-at="2022-11-11T06:54:53 IST" duration-ms="1312" status="PASS">
          <params>
            <param index="0">
              <value>
                <![CDATA[phaniatw2@gmail.com]]>
              </value>
            </param>
            <param index="1">
              <value>
                <![CDATA[atw@123]]>
              </value>
            </param>
            <param index="2">
              <value>
                <![CDATA[success]]>
              </value>
            </param>
          </params>
          <reporter-output>
          </reporter-output>
        </test-method> <!-- login -->
        <test-method is-config="true" signature="tearDown()[pri:0, instance:tests.LoginTest@5965d37]" started-at="2022-11-11T06:54:53 IST" name="tearDown" finished-at="2022-11-11T06:54:53 IST" duration-ms="86" status="PASS">
          <reporter-output>
          </reporter-output>
        </test-method> <!-- tearDown -->
        <test-method is-config="true" signature="openApplication()[pri:0, instance:tests.LoginTest@5965d37]" started-at="2022-11-11T06:54:53 IST" name="openApplication" finished-at="2022-11-11T06:54:56 IST" duration-ms="3465" status="PASS">
          <reporter-output>
          </reporter-output>
        </test-method> <!-- openApplication -->
        <test-method signature="login(java.lang.String,java.lang.String,java.lang.String)[pri:0, instance:tests.LoginTest@5965d37]" started-at="2022-11-11T06:54:56 IST" name="login" data-provider="getLoginData" finished-at="2022-11-11T06:55:07 IST" duration-ms="11014" status="PASS">
          <params>
            <param index="0">
              <value>
                <![CDATA[sample@test.com]]>
              </value>
            </param>
            <param index="1">
              <value>
                <![CDATA[sample123]]>
              </value>
            </param>
            <param index="2">
              <value>
                <![CDATA[failure]]>
              </value>
            </param>
          </params>
          <reporter-output>
          </reporter-output>
        </test-method> <!-- login -->
        <test-method is-config="true" signature="tearDown()[pri:0, instance:tests.LoginTest@5965d37]" started-at="2022-11-11T06:55:07 IST" name="tearDown" finished-at="2022-11-11T06:55:07 IST" duration-ms="78" status="PASS">
          <reporter-output>
          </reporter-output>
        </test-method> <!-- tearDown -->
      </class> <!-- tests.LoginTest -->
      <class name="tests.ThreeTest">
        <test-method signature="testThree()[pri:0, instance:tests.ThreeTest@6f01b95f]" started-at="2022-11-11T06:54:42 IST" name="testThree" finished-at="2022-11-11T06:54:48 IST" duration-ms="6323" status="PASS">
          <reporter-output>
          </reporter-output>
        </test-method> <!-- testThree -->
      </class> <!-- tests.ThreeTest -->
      <class name="runner.TestNGRunner">
        <test-method is-config="true" signature="setUpClass(org.testng.ITestContext)[pri:0, instance:runner.TestNGRunner@97e93f1]" started-at="2022-11-11T06:55:07 IST" name="setUpClass" finished-at="2022-11-11T06:55:08 IST" duration-ms="219" status="PASS">
          <params>
            <param index="0">
              <value>
                <![CDATA[org.testng.TestRunner@443a53df]]>
              </value>
            </param>
          </params>
          <reporter-output>
          </reporter-output>
        </test-method> <!-- setUpClass -->
        <test-method signature="runScenario(io.cucumber.testng.PickleWrapper,io.cucumber.testng.FeatureWrapper)[pri:0, instance:runner.TestNGRunner@97e93f1]" started-at="2022-11-11T06:55:08 IST" name="runScenario" description="Runs Cucumber Scenarios" data-provider="scenarios" finished-at="2022-11-11T06:55:14 IST" duration-ms="6129" status="PASS">
          <params>
            <param index="0">
              <value>
                <![CDATA["Login with valid credentials"]]>
              </value>
            </param>
            <param index="1">
              <value>
                <![CDATA["Login to Application"]]>
              </value>
            </param>
          </params>
          <reporter-output>
          </reporter-output>
        </test-method> <!-- runScenario -->
        <test-method is-config="true" signature="tearDownClass()[pri:0, instance:runner.TestNGRunner@97e93f1]" started-at="2022-11-11T06:55:14 IST" name="tearDownClass" finished-at="2022-11-11T06:55:14 IST" duration-ms="15" status="PASS">
          <reporter-output>
          </reporter-output>
        </test-method> <!-- tearDownClass -->
      </class> <!-- runner.TestNGRunner -->
      <class name="tests.TwoTest">
        <test-method signature="testTwo()[pri:0, instance:tests.TwoTest@45d84a20]" started-at="2022-11-11T06:54:35 IST" name="testTwo" finished-at="2022-11-11T06:54:42 IST" duration-ms="7165" status="PASS">
          <reporter-output>
          </reporter-output>
        </test-method> <!-- testTwo -->
      </class> <!-- tests.TwoTest -->
    </test> <!-- Test -->
  </suite> <!-- Suite -->
</testng-results>
